<?xml version="1.0" encoding="UTF-8"?>
<testng-results skipped="0" failed="0" total="2" passed="2">
  <reporter-output>
  </reporter-output>
  <suite name="Suite" duration-ms="14285" started-at="2019-03-20T10:09:15Z" finished-at="2019-03-20T10:09:29Z">
    <groups>
    </groups>
    <test name="Test" duration-ms="14285" started-at="2019-03-20T10:09:15Z" finished-at="2019-03-20T10:09:29Z">
      <class name="org.cucumber.tests.OpenMRSTests">
        <test-method status="PASS" signature="setUP()[pri:0, instance:org.cucumber.tests.OpenMRSTests@5c5a1b69]" name="setUP" is-config="true" duration-ms="3648" started-at="2019-03-20T15:39:15Z" finished-at="2019-03-20T15:39:18Z">
          <reporter-output>
          </reporter-output>
        </test-method> <!-- setUP -->
        <test-method status="PASS" signature="login(cucumber.api.testng.CucumberFeatureWrapper)[pri:0, instance:org.cucumber.tests.OpenMRSTests@5c5a1b69]" name="login" duration-ms="8278" started-at="2019-03-20T15:39:19Z" description="login" data-provider="features" finished-at="2019-03-20T15:39:27Z">
          <params>
            <param index="0">
              <value>
                <![CDATA[feature name]]>
              </value>
            </param>
          </params>
          <reporter-output>
          </reporter-output>
        </test-method> <!-- login -->
        <test-method status="PASS" signature="tearDown()[pri:0, instance:org.cucumber.tests.OpenMRSTests@5c5a1b69]" name="tearDown" is-config="true" duration-ms="26" started-at="2019-03-20T15:39:27Z" finished-at="2019-03-20T15:39:27Z">
          <reporter-output>
          </reporter-output>
        </test-method> <!-- tearDown -->
      </class> <!-- org.cucumber.tests.OpenMRSTests -->
      <class name="org.cucumber.tests.OpenMRSTests1">
        <test-method status="PASS" signature="setUP()[pri:0, instance:org.cucumber.tests.OpenMRSTests1@3d99d22e]" name="setUP" is-config="true" duration-ms="3641" started-at="2019-03-20T15:39:15Z" finished-at="2019-03-20T15:39:18Z">
          <reporter-output>
          </reporter-output>
        </test-method> <!-- setUP -->
        <test-method status="PASS" signature="login(cucumber.api.testng.CucumberFeatureWrapper)[pri:0, instance:org.cucumber.tests.OpenMRSTests1@3d99d22e]" name="login" duration-ms="10531" started-at="2019-03-20T15:39:19Z" description="login" data-provider="features" finished-at="2019-03-20T15:39:29Z">
          <params>
            <param index="0">
              <value>
                <![CDATA[parallel feature name]]>
              </value>
            </param>
          </params>
          <reporter-output>
          </reporter-output>
        </test-method> <!-- login -->
        <test-method status="PASS" signature="tearDown()[pri:0, instance:org.cucumber.tests.OpenMRSTests1@3d99d22e]" name="tearDown" is-config="true" duration-ms="20" started-at="2019-03-20T15:39:29Z" finished-at="2019-03-20T15:39:29Z">
          <reporter-output>
          </reporter-output>
        </test-method> <!-- tearDown -->
      </class> <!-- org.cucumber.tests.OpenMRSTests1 -->
    </test> <!-- Test -->
  </suite> <!-- Suite -->
</testng-results>
