<?xml version="1.0" encoding="UTF-8"?>
<testng-results skipped="0" failed="0" ignored="0" total="1" passed="1">
  <reporter-output>
  </reporter-output>
  <suite name="Suite1" duration-ms="38" started-at="2019-03-11T07:54:26Z" finished-at="2019-03-11T07:54:27Z">
    <groups>
    </groups>
    <test name="test1" duration-ms="38" started-at="2019-03-11T07:54:26Z" finished-at="2019-03-11T07:54:27Z">
      <class name="testNGSample.TestNGSimpleTest">
        <test-method status="PASS" signature="testAdd()[pri:0, instance:testNGSample.TestNGSimpleTest@5d5eef3d]" name="testAdd" duration-ms="12" started-at="2019-03-11T07:54:27Z" finished-at="2019-03-11T07:54:27Z">
          <reporter-output>
          </reporter-output>
        </test-method> <!-- testAdd -->
      </class> <!-- testNGSample.TestNGSimpleTest -->
    </test> <!-- test1 -->
  </suite> <!-- Suite1 -->
</testng-results>
