<?xml version="1.0" encoding="UTF-8"?>
<testng-results skipped="0" failed="0" total="18" passed="18">
  <reporter-output>
  </reporter-output>
  <suite name="Suite" duration-ms="5801" started-at="2019-05-14T08:46:27Z" finished-at="2019-05-14T08:46:33Z">
    <groups>
    </groups>
    <test name="Test" duration-ms="5801" started-at="2019-05-14T08:46:27Z" finished-at="2019-05-14T08:46:33Z">
      <class name="org.brcloud.tests.SampleTests">
        <test-method status="PASS" signature="setUP()[pri:0, instance:org.brcloud.tests.SampleTests@d8355a8]" name="setUP" is-config="true" duration-ms="211" started-at="2019-05-14T14:16:27Z" finished-at="2019-05-14T14:16:28Z">
          <reporter-output>
          </reporter-output>
        </test-method> <!-- setUP -->
        <test-method status="PASS" signature="tearDown()[pri:0, instance:org.brcloud.tests.SampleTests@d8355a8]" name="tearDown" is-config="true" duration-ms="22" started-at="2019-05-14T14:16:33Z" finished-at="2019-05-14T14:16:33Z">
          <reporter-output>
          </reporter-output>
        </test-method> <!-- tearDown -->
      </class> <!-- org.brcloud.tests.SampleTests -->
      <class name="org.brcloud.tests.RevPortTest">
        <test-method status="PASS" signature="setUP()[pri:0, instance:org.brcloud.tests.RevPortTest@27efef64]" name="setUP" is-config="true" duration-ms="281" started-at="2019-05-14T14:16:27Z" finished-at="2019-05-14T14:16:28Z">
          <reporter-output>
          </reporter-output>
        </test-method> <!-- setUP -->
        <test-method status="PASS" signature="RevPort(cucumber.api.testng.CucumberFeatureWrapper)[pri:0, instance:org.brcloud.tests.RevPortTest@27efef64]" name="RevPort" duration-ms="210" started-at="2019-05-14T14:16:28Z" description="RevPort" data-provider="features" finished-at="2019-05-14T14:16:28Z">
          <params>
            <param index="0">
              <value>
                <![CDATA[Different Accural Calculations]]>
              </value>
            </param>
          </params>
          <reporter-output>
          </reporter-output>
        </test-method> <!-- RevPort -->
        <test-method status="PASS" signature="RevPort(cucumber.api.testng.CucumberFeatureWrapper)[pri:0, instance:org.brcloud.tests.RevPortTest@27efef64]" name="RevPort" duration-ms="17" started-at="2019-05-14T14:16:28Z" description="RevPort" data-provider="features" finished-at="2019-05-14T14:16:28Z">
          <params>
            <param index="0">
              <value>
                <![CDATA[Revport Security Copy group]]>
              </value>
            </param>
          </params>
          <reporter-output>
          </reporter-output>
        </test-method> <!-- RevPort -->
        <test-method status="PASS" signature="RevPort(cucumber.api.testng.CucumberFeatureWrapper)[pri:0, instance:org.brcloud.tests.RevPortTest@27efef64]" name="RevPort" duration-ms="25" started-at="2019-05-14T14:16:28Z" description="RevPort" data-provider="features" finished-at="2019-05-14T14:16:28Z">
          <params>
            <param index="0">
              <value>
                <![CDATA[Create new workflow group]]>
              </value>
            </param>
          </params>
          <reporter-output>
          </reporter-output>
        </test-method> <!-- RevPort -->
        <test-method status="PASS" signature="RevPort(cucumber.api.testng.CucumberFeatureWrapper)[pri:0, instance:org.brcloud.tests.RevPortTest@27efef64]" name="RevPort" duration-ms="23" started-at="2019-05-14T14:16:28Z" description="RevPort" data-provider="features" finished-at="2019-05-14T14:16:28Z">
          <params>
            <param index="0">
              <value>
                <![CDATA[Create new calendar]]>
              </value>
            </param>
          </params>
          <reporter-output>
          </reporter-output>
        </test-method> <!-- RevPort -->
        <test-method status="PASS" signature="RevPort(cucumber.api.testng.CucumberFeatureWrapper)[pri:0, instance:org.brcloud.tests.RevPortTest@27efef64]" name="RevPort" duration-ms="7" started-at="2019-05-14T14:16:28Z" description="RevPort" data-provider="features" finished-at="2019-05-14T14:16:28Z">
          <params>
            <param index="0">
              <value>
                <![CDATA[Create New Fee Type]]>
              </value>
            </param>
          </params>
          <reporter-output>
          </reporter-output>
        </test-method> <!-- RevPort -->
        <test-method status="PASS" signature="RevPort(cucumber.api.testng.CucumberFeatureWrapper)[pri:0, instance:org.brcloud.tests.RevPortTest@27efef64]" name="RevPort" duration-ms="7" started-at="2019-05-14T14:16:28Z" description="RevPort" data-provider="features" finished-at="2019-05-14T14:16:28Z">
          <params>
            <param index="0">
              <value>
                <![CDATA[Create New General Ledger Type]]>
              </value>
            </param>
          </params>
          <reporter-output>
          </reporter-output>
        </test-method> <!-- RevPort -->
        <test-method status="PASS" signature="RevPort(cucumber.api.testng.CucumberFeatureWrapper)[pri:0, instance:org.brcloud.tests.RevPortTest@27efef64]" name="RevPort" duration-ms="15" started-at="2019-05-14T14:16:28Z" description="RevPort" data-provider="features" finished-at="2019-05-14T14:16:28Z">
          <params>
            <param index="0">
              <value>
                <![CDATA[Create new Hierarchy account]]>
              </value>
            </param>
          </params>
          <reporter-output>
          </reporter-output>
        </test-method> <!-- RevPort -->
        <test-method status="PASS" signature="RevPort(cucumber.api.testng.CucumberFeatureWrapper)[pri:0, instance:org.brcloud.tests.RevPortTest@27efef64]" name="RevPort" duration-ms="19" started-at="2019-05-14T14:16:28Z" description="RevPort" data-provider="features" finished-at="2019-05-14T14:16:28Z">
          <params>
            <param index="0">
              <value>
                <![CDATA[Create new holiday calendar]]>
              </value>
            </param>
          </params>
          <reporter-output>
          </reporter-output>
        </test-method> <!-- RevPort -->
        <test-method status="PASS" signature="RevPort(cucumber.api.testng.CucumberFeatureWrapper)[pri:0, instance:org.brcloud.tests.RevPortTest@27efef64]" name="RevPort" duration-ms="12" started-at="2019-05-14T14:16:28Z" description="RevPort" data-provider="features" finished-at="2019-05-14T14:16:28Z">
          <params>
            <param index="0">
              <value>
                <![CDATA[Create new market value]]>
              </value>
            </param>
          </params>
          <reporter-output>
          </reporter-output>
        </test-method> <!-- RevPort -->
        <test-method status="PASS" signature="RevPort(cucumber.api.testng.CucumberFeatureWrapper)[pri:0, instance:org.brcloud.tests.RevPortTest@27efef64]" name="RevPort" duration-ms="24" started-at="2019-05-14T14:16:28Z" description="RevPort" data-provider="features" finished-at="2019-05-14T14:16:28Z">
          <params>
            <param index="0">
              <value>
                <![CDATA[Create new users]]>
              </value>
            </param>
          </params>
          <reporter-output>
          </reporter-output>
        </test-method> <!-- RevPort -->
        <test-method status="PASS" signature="RevPort(cucumber.api.testng.CucumberFeatureWrapper)[pri:0, instance:org.brcloud.tests.RevPortTest@27efef64]" name="RevPort" duration-ms="152" started-at="2019-05-14T14:16:28Z" description="RevPort" data-provider="features" finished-at="2019-05-14T14:16:28Z">
          <params>
            <param index="0">
              <value>
                <![CDATA[Create new static data list]]>
              </value>
            </param>
          </params>
          <reporter-output>
          </reporter-output>
        </test-method> <!-- RevPort -->
        <test-method status="PASS" signature="RevPort(cucumber.api.testng.CucumberFeatureWrapper)[pri:0, instance:org.brcloud.tests.RevPortTest@27efef64]" name="RevPort" duration-ms="8" started-at="2019-05-14T14:16:28Z" description="RevPort" data-provider="features" finished-at="2019-05-14T14:16:28Z">
          <params>
            <param index="0">
              <value>
                <![CDATA[Create new workflow group]]>
              </value>
            </param>
          </params>
          <reporter-output>
          </reporter-output>
        </test-method> <!-- RevPort -->
        <test-method status="PASS" signature="RevPort(cucumber.api.testng.CucumberFeatureWrapper)[pri:0, instance:org.brcloud.tests.RevPortTest@27efef64]" name="RevPort" duration-ms="5" started-at="2019-05-14T14:16:28Z" description="RevPort" data-provider="features" finished-at="2019-05-14T14:16:28Z">
          <params>
            <param index="0">
              <value>
                <![CDATA[Generate Invoice]]>
              </value>
            </param>
          </params>
          <reporter-output>
          </reporter-output>
        </test-method> <!-- RevPort -->
        <test-method status="PASS" signature="RevPort(cucumber.api.testng.CucumberFeatureWrapper)[pri:0, instance:org.brcloud.tests.RevPortTest@27efef64]" name="RevPort" duration-ms="4" started-at="2019-05-14T14:16:28Z" description="RevPort" data-provider="features" finished-at="2019-05-14T14:16:28Z">
          <params>
            <param index="0">
              <value>
                <![CDATA[Create New Business work group]]>
              </value>
            </param>
          </params>
          <reporter-output>
          </reporter-output>
        </test-method> <!-- RevPort -->
        <test-method status="PASS" signature="RevPort(cucumber.api.testng.CucumberFeatureWrapper)[pri:0, instance:org.brcloud.tests.RevPortTest@27efef64]" name="RevPort" duration-ms="4" started-at="2019-05-14T14:16:28Z" description="RevPort" data-provider="features" finished-at="2019-05-14T14:16:28Z">
          <params>
            <param index="0">
              <value>
                <![CDATA[Create new workflow narrative]]>
              </value>
            </param>
          </params>
          <reporter-output>
          </reporter-output>
        </test-method> <!-- RevPort -->
        <test-method status="PASS" signature="RevPort(cucumber.api.testng.CucumberFeatureWrapper)[pri:0, instance:org.brcloud.tests.RevPortTest@27efef64]" name="RevPort" duration-ms="8" started-at="2019-05-14T14:16:28Z" description="RevPort" data-provider="features" finished-at="2019-05-14T14:16:28Z">
          <params>
            <param index="0">
              <value>
                <![CDATA[Posting an invoice]]>
              </value>
            </param>
          </params>
          <reporter-output>
          </reporter-output>
        </test-method> <!-- RevPort -->
        <test-method status="PASS" signature="RevPort(cucumber.api.testng.CucumberFeatureWrapper)[pri:0, instance:org.brcloud.tests.RevPortTest@27efef64]" name="RevPort" duration-ms="8" started-at="2019-05-14T14:16:28Z" description="RevPort" data-provider="features" finished-at="2019-05-14T14:16:28Z">
          <params>
            <param index="0">
              <value>
                <![CDATA[Viewing the Accounting Tables]]>
              </value>
            </param>
          </params>
          <reporter-output>
          </reporter-output>
        </test-method> <!-- RevPort -->
        <test-method status="PASS" signature="RevPort(cucumber.api.testng.CucumberFeatureWrapper)[pri:0, instance:org.brcloud.tests.RevPortTest@27efef64]" name="RevPort" duration-ms="5" started-at="2019-05-14T14:16:28Z" description="RevPort" data-provider="features" finished-at="2019-05-14T14:16:28Z">
          <params>
            <param index="0">
              <value>
                <![CDATA[Setup workflow orders]]>
              </value>
            </param>
          </params>
          <reporter-output>
          </reporter-output>
        </test-method> <!-- RevPort -->
        <test-method status="PASS" signature="tearDown()[pri:0, instance:org.brcloud.tests.RevPortTest@27efef64]" name="tearDown" is-config="true" duration-ms="0" started-at="2019-05-14T14:16:28Z" finished-at="2019-05-14T14:16:28Z">
          <reporter-output>
          </reporter-output>
        </test-method> <!-- tearDown -->
      </class> <!-- org.brcloud.tests.RevPortTest -->
    </test> <!-- Test -->
  </suite> <!-- Suite -->
</testng-results>
