<?xml version="1.0" encoding="UTF-8"?>
<testng-results skipped="0" failed="0" total="19" passed="19">
  <reporter-output>
  </reporter-output>
  <suite name="Suite" duration-ms="24637" started-at="2019-03-20T10:07:48Z" finished-at="2019-03-20T10:08:13Z">
    <groups>
    </groups>
    <test name="Test" duration-ms="24637" started-at="2019-03-20T10:07:48Z" finished-at="2019-03-20T10:08:13Z">
      <class name="org.brcloud.tests.SampleTests">
        <test-method status="PASS" signature="setUP()[pri:0, instance:org.brcloud.tests.SampleTests@4b9e13df]" name="setUP" is-config="true" duration-ms="256" started-at="2019-03-20T15:37:48Z" finished-at="2019-03-20T15:37:49Z">
          <reporter-output>
          </reporter-output>
        </test-method> <!-- setUP -->
        <test-method status="PASS" signature="OpenMRS(cucumber.api.testng.CucumberFeatureWrapper)[pri:0, instance:org.brcloud.tests.SampleTests@4b9e13df]" name="OpenMRS" duration-ms="24227" started-at="2019-03-20T15:37:49Z" description="OpenMRS" data-provider="features" finished-at="2019-03-20T15:38:13Z">
          <params>
            <param index="0">
              <value>
                <![CDATA[Validation of Angular and Non-Angular Interactions]]>
              </value>
            </param>
          </params>
          <reporter-output>
          </reporter-output>
        </test-method> <!-- OpenMRS -->
        <test-method status="PASS" signature="tearDown()[pri:0, instance:org.brcloud.tests.SampleTests@4b9e13df]" name="tearDown" is-config="true" duration-ms="16" started-at="2019-03-20T15:38:13Z" finished-at="2019-03-20T15:38:13Z">
          <reporter-output>
          </reporter-output>
        </test-method> <!-- tearDown -->
      </class> <!-- org.brcloud.tests.SampleTests -->
      <class name="org.brcloud.tests.RevPortTest">
        <test-method status="PASS" signature="setUP()[pri:0, instance:org.brcloud.tests.RevPortTest@61832929]" name="setUP" is-config="true" duration-ms="328" started-at="2019-03-20T15:37:48Z" finished-at="2019-03-20T15:37:49Z">
          <reporter-output>
          </reporter-output>
        </test-method> <!-- setUP -->
        <test-method status="PASS" signature="RevPort(cucumber.api.testng.CucumberFeatureWrapper)[pri:0, instance:org.brcloud.tests.RevPortTest@61832929]" name="RevPort" duration-ms="237" started-at="2019-03-20T15:37:49Z" description="RevPort" data-provider="features" finished-at="2019-03-20T15:37:49Z">
          <params>
            <param index="0">
              <value>
                <![CDATA[Different Accural Calculations]]>
              </value>
            </param>
          </params>
          <reporter-output>
          </reporter-output>
        </test-method> <!-- RevPort -->
        <test-method status="PASS" signature="RevPort(cucumber.api.testng.CucumberFeatureWrapper)[pri:0, instance:org.brcloud.tests.RevPortTest@61832929]" name="RevPort" duration-ms="10" started-at="2019-03-20T15:37:49Z" description="RevPort" data-provider="features" finished-at="2019-03-20T15:37:49Z">
          <params>
            <param index="0">
              <value>
                <![CDATA[Revport Security Copy group]]>
              </value>
            </param>
          </params>
          <reporter-output>
          </reporter-output>
        </test-method> <!-- RevPort -->
        <test-method status="PASS" signature="RevPort(cucumber.api.testng.CucumberFeatureWrapper)[pri:0, instance:org.brcloud.tests.RevPortTest@61832929]" name="RevPort" duration-ms="43" started-at="2019-03-20T15:37:49Z" description="RevPort" data-provider="features" finished-at="2019-03-20T15:37:49Z">
          <params>
            <param index="0">
              <value>
                <![CDATA[Create new workflow group]]>
              </value>
            </param>
          </params>
          <reporter-output>
          </reporter-output>
        </test-method> <!-- RevPort -->
        <test-method status="PASS" signature="RevPort(cucumber.api.testng.CucumberFeatureWrapper)[pri:0, instance:org.brcloud.tests.RevPortTest@61832929]" name="RevPort" duration-ms="8" started-at="2019-03-20T15:37:49Z" description="RevPort" data-provider="features" finished-at="2019-03-20T15:37:49Z">
          <params>
            <param index="0">
              <value>
                <![CDATA[Create new calendar]]>
              </value>
            </param>
          </params>
          <reporter-output>
          </reporter-output>
        </test-method> <!-- RevPort -->
        <test-method status="PASS" signature="RevPort(cucumber.api.testng.CucumberFeatureWrapper)[pri:0, instance:org.brcloud.tests.RevPortTest@61832929]" name="RevPort" duration-ms="4" started-at="2019-03-20T15:37:49Z" description="RevPort" data-provider="features" finished-at="2019-03-20T15:37:49Z">
          <params>
            <param index="0">
              <value>
                <![CDATA[Create New Fee Type]]>
              </value>
            </param>
          </params>
          <reporter-output>
          </reporter-output>
        </test-method> <!-- RevPort -->
        <test-method status="PASS" signature="RevPort(cucumber.api.testng.CucumberFeatureWrapper)[pri:0, instance:org.brcloud.tests.RevPortTest@61832929]" name="RevPort" duration-ms="7" started-at="2019-03-20T15:37:49Z" description="RevPort" data-provider="features" finished-at="2019-03-20T15:37:49Z">
          <params>
            <param index="0">
              <value>
                <![CDATA[Create New General Ledger Type]]>
              </value>
            </param>
          </params>
          <reporter-output>
          </reporter-output>
        </test-method> <!-- RevPort -->
        <test-method status="PASS" signature="RevPort(cucumber.api.testng.CucumberFeatureWrapper)[pri:0, instance:org.brcloud.tests.RevPortTest@61832929]" name="RevPort" duration-ms="23" started-at="2019-03-20T15:37:49Z" description="RevPort" data-provider="features" finished-at="2019-03-20T15:37:49Z">
          <params>
            <param index="0">
              <value>
                <![CDATA[Create new Hierarchy account]]>
              </value>
            </param>
          </params>
          <reporter-output>
          </reporter-output>
        </test-method> <!-- RevPort -->
        <test-method status="PASS" signature="RevPort(cucumber.api.testng.CucumberFeatureWrapper)[pri:0, instance:org.brcloud.tests.RevPortTest@61832929]" name="RevPort" duration-ms="6" started-at="2019-03-20T15:37:49Z" description="RevPort" data-provider="features" finished-at="2019-03-20T15:37:49Z">
          <params>
            <param index="0">
              <value>
                <![CDATA[Create new holiday calendar]]>
              </value>
            </param>
          </params>
          <reporter-output>
          </reporter-output>
        </test-method> <!-- RevPort -->
        <test-method status="PASS" signature="RevPort(cucumber.api.testng.CucumberFeatureWrapper)[pri:0, instance:org.brcloud.tests.RevPortTest@61832929]" name="RevPort" duration-ms="4" started-at="2019-03-20T15:37:49Z" description="RevPort" data-provider="features" finished-at="2019-03-20T15:37:49Z">
          <params>
            <param index="0">
              <value>
                <![CDATA[Create new market value]]>
              </value>
            </param>
          </params>
          <reporter-output>
          </reporter-output>
        </test-method> <!-- RevPort -->
        <test-method status="PASS" signature="RevPort(cucumber.api.testng.CucumberFeatureWrapper)[pri:0, instance:org.brcloud.tests.RevPortTest@61832929]" name="RevPort" duration-ms="8" started-at="2019-03-20T15:37:49Z" description="RevPort" data-provider="features" finished-at="2019-03-20T15:37:49Z">
          <params>
            <param index="0">
              <value>
                <![CDATA[Create new users]]>
              </value>
            </param>
          </params>
          <reporter-output>
          </reporter-output>
        </test-method> <!-- RevPort -->
        <test-method status="PASS" signature="RevPort(cucumber.api.testng.CucumberFeatureWrapper)[pri:0, instance:org.brcloud.tests.RevPortTest@61832929]" name="RevPort" duration-ms="26" started-at="2019-03-20T15:37:49Z" description="RevPort" data-provider="features" finished-at="2019-03-20T15:37:49Z">
          <params>
            <param index="0">
              <value>
                <![CDATA[Create new static data list]]>
              </value>
            </param>
          </params>
          <reporter-output>
          </reporter-output>
        </test-method> <!-- RevPort -->
        <test-method status="PASS" signature="RevPort(cucumber.api.testng.CucumberFeatureWrapper)[pri:0, instance:org.brcloud.tests.RevPortTest@61832929]" name="RevPort" duration-ms="28" started-at="2019-03-20T15:37:49Z" description="RevPort" data-provider="features" finished-at="2019-03-20T15:37:49Z">
          <params>
            <param index="0">
              <value>
                <![CDATA[Create new workflow group]]>
              </value>
            </param>
          </params>
          <reporter-output>
          </reporter-output>
        </test-method> <!-- RevPort -->
        <test-method status="PASS" signature="RevPort(cucumber.api.testng.CucumberFeatureWrapper)[pri:0, instance:org.brcloud.tests.RevPortTest@61832929]" name="RevPort" duration-ms="7" started-at="2019-03-20T15:37:49Z" description="RevPort" data-provider="features" finished-at="2019-03-20T15:37:49Z">
          <params>
            <param index="0">
              <value>
                <![CDATA[Generate Invoice]]>
              </value>
            </param>
          </params>
          <reporter-output>
          </reporter-output>
        </test-method> <!-- RevPort -->
        <test-method status="PASS" signature="RevPort(cucumber.api.testng.CucumberFeatureWrapper)[pri:0, instance:org.brcloud.tests.RevPortTest@61832929]" name="RevPort" duration-ms="4" started-at="2019-03-20T15:37:49Z" description="RevPort" data-provider="features" finished-at="2019-03-20T15:37:49Z">
          <params>
            <param index="0">
              <value>
                <![CDATA[Create New Business work group]]>
              </value>
            </param>
          </params>
          <reporter-output>
          </reporter-output>
        </test-method> <!-- RevPort -->
        <test-method status="PASS" signature="RevPort(cucumber.api.testng.CucumberFeatureWrapper)[pri:0, instance:org.brcloud.tests.RevPortTest@61832929]" name="RevPort" duration-ms="5" started-at="2019-03-20T15:37:49Z" description="RevPort" data-provider="features" finished-at="2019-03-20T15:37:49Z">
          <params>
            <param index="0">
              <value>
                <![CDATA[Create new workflow narrative]]>
              </value>
            </param>
          </params>
          <reporter-output>
          </reporter-output>
        </test-method> <!-- RevPort -->
        <test-method status="PASS" signature="RevPort(cucumber.api.testng.CucumberFeatureWrapper)[pri:0, instance:org.brcloud.tests.RevPortTest@61832929]" name="RevPort" duration-ms="6" started-at="2019-03-20T15:37:49Z" description="RevPort" data-provider="features" finished-at="2019-03-20T15:37:49Z">
          <params>
            <param index="0">
              <value>
                <![CDATA[Posting an invoice]]>
              </value>
            </param>
          </params>
          <reporter-output>
          </reporter-output>
        </test-method> <!-- RevPort -->
        <test-method status="PASS" signature="RevPort(cucumber.api.testng.CucumberFeatureWrapper)[pri:0, instance:org.brcloud.tests.RevPortTest@61832929]" name="RevPort" duration-ms="7" started-at="2019-03-20T15:37:49Z" description="RevPort" data-provider="features" finished-at="2019-03-20T15:37:49Z">
          <params>
            <param index="0">
              <value>
                <![CDATA[Viewing the Accounting Tables]]>
              </value>
            </param>
          </params>
          <reporter-output>
          </reporter-output>
        </test-method> <!-- RevPort -->
        <test-method status="PASS" signature="RevPort(cucumber.api.testng.CucumberFeatureWrapper)[pri:0, instance:org.brcloud.tests.RevPortTest@61832929]" name="RevPort" duration-ms="8" started-at="2019-03-20T15:37:49Z" description="RevPort" data-provider="features" finished-at="2019-03-20T15:37:49Z">
          <params>
            <param index="0">
              <value>
                <![CDATA[Setup workflow orders]]>
              </value>
            </param>
          </params>
          <reporter-output>
          </reporter-output>
        </test-method> <!-- RevPort -->
        <test-method status="PASS" signature="tearDown()[pri:0, instance:org.brcloud.tests.RevPortTest@61832929]" name="tearDown" is-config="true" duration-ms="1" started-at="2019-03-20T15:37:49Z" finished-at="2019-03-20T15:37:49Z">
          <reporter-output>
          </reporter-output>
        </test-method> <!-- tearDown -->
      </class> <!-- org.brcloud.tests.RevPortTest -->
    </test> <!-- Test -->
  </suite> <!-- Suite -->
</testng-results>
